<?xml version="1.0" encoding="UTF-8"?>
<!-- Generated by org.testng.reporters.JUnitReportReporter -->
<testsuite hostname="DESKTOP-RI6UESP" failures="0" tests="1" name="TestCases.VerifyOpenWebsite" time="16.764" errors="0" timestamp="2023-08-07T11:23:14 IST" skipped="0">
  <testcase classname="TestCases.VerifyOpenWebsite" name="OpenWebsite" time="16.764"/>
  <system-out/>
</testsuite> <!-- TestCases.VerifyOpenWebsite -->
