<?xml version="1.0" encoding="UTF-8"?>
<!-- Generated by org.testng.reporters.JUnitReportReporter -->
<testsuite hostname="DESKTOP-RI6UESP" failures="0" tests="1" name="TestCases.OpenWebsite" time="12.594" errors="0" timestamp="2023-08-04T18:07:19 IST" skipped="0">
  <testcase classname="TestCases.OpenWebsite" name="OpenWebsite" time="12.594"/>
  <system-out/>
</testsuite> <!-- TestCases.OpenWebsite -->
